[[1;34mINFO[m] Scanning for projects...
[[1;34mINFO[m] 
[[1;34mINFO[m] [1m------------------------------< [0;36mweb:web[0;1m >-------------------------------[m
[[1;34mINFO[m] [1mBuilding web 1.0-SNAPSHOT[m
[[1;34mINFO[m] [1m--------------------------------[ war ]---------------------------------[m
[[1;34mINFO[m] 
[[1;34mINFO[m] [1m>>> [0;32mspring-boot-maven-plugin:1.2.4.RELEASE:run[m [1m(default-cli)[0;1m > [0;1mtest-compile[m @ [36mweb[0;1m >>>[m
[[1;34mINFO[m] 
[[1;34mINFO[m] [1m--- [0;32mmaven-resources-plugin:2.6:resources[m [1m(default-resources)[m @ [36mweb[0;1m ---[m
[[1;34mINFO[m] Using 'UTF-8' encoding to copy filtered resources.
[[1;34mINFO[m] Copying 1 resource
[[1;34mINFO[m] Copying 0 resource
[[1;34mINFO[m] 
[[1;34mINFO[m] [1m--- [0;32mmaven-compiler-plugin:3.1:compile[m [1m(default-compile)[m @ [36mweb[0;1m ---[m
[[1;34mINFO[m] Nothing to compile - all classes are up to date
[[1;34mINFO[m] 
[[1;34mINFO[m] [1m--- [0;32mmaven-resources-plugin:2.6:testResources[m [1m(default-testResources)[m @ [36mweb[0;1m ---[m
[[1;34mINFO[m] Using 'UTF-8' encoding to copy filtered resources.
[[1;34mINFO[m] skip non existing resourceDirectory /home/user/Desktop/TemaDevOps/web/src/test/resources
[[1;34mINFO[m] 
[[1;34mINFO[m] [1m--- [0;32mmaven-compiler-plugin:3.1:testCompile[m [1m(default-testCompile)[m @ [36mweb[0;1m ---[m
[[1;34mINFO[m] No sources to compile
[[1;34mINFO[m] 
[[1;34mINFO[m] [1m<<< [0;32mspring-boot-maven-plugin:1.2.4.RELEASE:run[m [1m(default-cli)[0;1m < [0;1mtest-compile[m @ [36mweb[0;1m <<<[m
[[1;34mINFO[m] 
[[1;34mINFO[m] 
[[1;34mINFO[m] [1m--- [0;32mspring-boot-maven-plugin:1.2.4.RELEASE:run[m [1m(default-cli)[m @ [36mweb[0;1m ---[m

  .   ____          _            __ _ _
 /\\ / ___'_ __ _ _(_)_ __  __ _ \ \ \ \
( ( )\___ | '_ | '_| | '_ \/ _` | \ \ \ \
 \\/  ___)| |_)| | | | | || (_| |  ) ) ) )
  '  |____| .__|_| |_|_| |_\__, | / / / /
 =========|_|==============|___/=/_/_/_/
 :: Spring Boot ::        (v1.2.4.RELEASE)

2020-02-17 15:15:54.751  INFO 15744 --- [lication.main()] com.webDemo.WebApplication               : Starting WebApplication on userpc with PID 15744 (/home/user/Desktop/TemaDevOps/web/target/classes started by user in /home/user/Desktop/TemaDevOps/web)
2020-02-17 15:15:54.816  INFO 15744 --- [lication.main()] ationConfigEmbeddedWebApplicationContext : Refreshing org.springframework.boot.context.embedded.AnnotationConfigEmbeddedWebApplicationContext@70d83ee6: startup date [Mon Feb 17 15:15:54 EET 2020]; root of context hierarchy
2020-02-17 15:15:57.457  INFO 15744 --- [lication.main()] f.a.AutowiredAnnotationBeanPostProcessor : JSR-330 'javax.inject.Inject' annotation found and supported for autowiring
2020-02-17 15:15:57.891  INFO 15744 --- [lication.main()] trationDelegate$BeanPostProcessorChecker : Bean 'org.springframework.transaction.annotation.ProxyTransactionManagementConfiguration' of type [class org.springframework.transaction.annotation.ProxyTransactionManagementConfiguration$$EnhancerBySpringCGLIB$$c49efe92] is not eligible for getting processed by all BeanPostProcessors (for example: not eligible for auto-proxying)
2020-02-17 15:15:57.936  INFO 15744 --- [lication.main()] trationDelegate$BeanPostProcessorChecker : Bean 'transactionAttributeSource' of type [class org.springframework.transaction.annotation.AnnotationTransactionAttributeSource] is not eligible for getting processed by all BeanPostProcessors (for example: not eligible for auto-proxying)
2020-02-17 15:15:57.956  INFO 15744 --- [lication.main()] trationDelegate$BeanPostProcessorChecker : Bean 'transactionInterceptor' of type [class org.springframework.transaction.interceptor.TransactionInterceptor] is not eligible for getting processed by all BeanPostProcessors (for example: not eligible for auto-proxying)
2020-02-17 15:15:57.964  INFO 15744 --- [lication.main()] trationDelegate$BeanPostProcessorChecker : Bean 'org.springframework.transaction.config.internalTransactionAdvisor' of type [class org.springframework.transaction.interceptor.BeanFactoryTransactionAttributeSourceAdvisor] is not eligible for getting processed by all BeanPostProcessors (for example: not eligible for auto-proxying)
2020-02-17 15:15:58.736  INFO 15744 --- [lication.main()] s.b.c.e.t.TomcatEmbeddedServletContainer : Tomcat initialized with port(s): 8080 (http)
2020-02-17 15:15:59.226  INFO 15744 --- [lication.main()] o.apache.catalina.core.StandardService   : Starting service Tomcat
2020-02-17 15:15:59.228  INFO 15744 --- [lication.main()] org.apache.catalina.core.StandardEngine  : Starting Servlet Engine: Apache Tomcat/8.0.23
2020-02-17 15:16:00.329  INFO 15744 --- [ost-startStop-1] org.apache.jasper.servlet.TldScanner     : At least one JAR was scanned for TLDs yet contained no TLDs. Enable debug logging for this logger for a complete list of JARs that were scanned but no TLDs were found in them. Skipping unneeded JARs during scanning can improve startup time and JSP compilation time.
2020-02-17 15:16:00.344  INFO 15744 --- [ost-startStop-1] o.a.c.c.C.[Tomcat].[localhost].[/]       : Initializing Spring embedded WebApplicationContext
2020-02-17 15:16:00.346  INFO 15744 --- [ost-startStop-1] o.s.web.context.ContextLoader            : Root WebApplicationContext: initialization completed in 5536 ms
2020-02-17 15:16:00.675  INFO 15744 --- [ost-startStop-1] o.s.b.c.e.ServletRegistrationBean        : Mapping servlet: 'dispatcherServlet' to [/]
2020-02-17 15:16:00.681  INFO 15744 --- [ost-startStop-1] o.s.b.c.embedded.FilterRegistrationBean  : Mapping filter: 'characterEncodingFilter' to: [/*]
2020-02-17 15:16:01.545  INFO 15744 --- [lication.main()] j.LocalContainerEntityManagerFactoryBean : Building JPA container EntityManagerFactory for persistence unit 'default'
2020-02-17 15:16:01.559  INFO 15744 --- [lication.main()] o.hibernate.jpa.internal.util.LogHelper  : HHH000204: Processing PersistenceUnitInfo [
	name: default
	...]
2020-02-17 15:16:01.688  INFO 15744 --- [lication.main()] org.hibernate.Version                    : HHH000412: Hibernate Core {4.3.10.Final}
2020-02-17 15:16:01.691  INFO 15744 --- [lication.main()] org.hibernate.cfg.Environment            : HHH000206: hibernate.properties not found
2020-02-17 15:16:01.693  INFO 15744 --- [lication.main()] org.hibernate.cfg.Environment            : HHH000021: Bytecode provider name : javassist
2020-02-17 15:16:02.190  INFO 15744 --- [lication.main()] o.hibernate.annotations.common.Version   : HCANN000001: Hibernate Commons Annotations {4.0.5.Final}
2020-02-17 15:16:02.303  INFO 15744 --- [lication.main()] org.hibernate.dialect.Dialect            : HHH000400: Using dialect: org.hibernate.dialect.HSQLDialect
2020-02-17 15:16:02.505  INFO 15744 --- [lication.main()] o.h.h.i.ast.ASTQueryTranslatorFactory    : HHH000397: Using ASTQueryTranslatorFactory
2020-02-17 15:16:03.434  INFO 15744 --- [lication.main()] org.hibernate.tool.hbm2ddl.SchemaExport  : HHH000227: Running hbm2ddl schema export
2020-02-17 15:16:03.461  INFO 15744 --- [lication.main()] org.hibernate.tool.hbm2ddl.SchemaExport  : HHH000230: Schema export complete
2020-02-17 15:16:04.280  WARN 15744 --- [lication.main()] o.h.hql.internal.ast.HqlSqlWalker        : [DEPRECATION] Encountered positional parameter near line 1, column 59 in HQL: [select a from com.apiDemo.model.Account a where sessionId=?].  Positional parameter are considered deprecated; use named parameters or JPA-style positional parameters instead.
2020-02-17 15:16:04.545  INFO 15744 --- [lication.main()] s.w.s.m.m.a.RequestMappingHandlerMapping : Mapped "{[/],methods=[GET],params=[],headers=[],consumes=[],produces=[],custom=[]}" onto public java.lang.String com.webDemo.controller.BanksMvcController.getAccountListWrapper(javax.servlet.http.HttpSession,org.springframework.ui.ModelMap,java.lang.String)
2020-02-17 15:16:04.547  INFO 15744 --- [lication.main()] s.w.s.m.m.a.RequestMappingHandlerMapping : Mapped "{[/operations/],methods=[PUT],params=[],headers=[],consumes=[],produces=[],custom=[]}" onto public void com.apiDemo.controller.BanksController.update(long,java.lang.String,java.lang.String,javax.servlet.http.HttpServletRequest) throws java.lang.Exception
2020-02-17 15:16:04.548  INFO 15744 --- [lication.main()] s.w.s.m.m.a.RequestMappingHandlerMapping : Mapped "{[/operations/],methods=[DELETE],params=[],headers=[],consumes=[],produces=[],custom=[]}" onto public void com.apiDemo.controller.BanksController.delete(long,javax.servlet.http.HttpServletRequest) throws java.lang.Exception
2020-02-17 15:16:04.548  INFO 15744 --- [lication.main()] s.w.s.m.m.a.RequestMappingHandlerMapping : Mapped "{[/operations/],methods=[POST],params=[],headers=[],consumes=[],produces=[],custom=[]}" onto public void com.apiDemo.controller.BanksController.create(java.lang.String,java.lang.String,javax.servlet.http.HttpServletRequest)
2020-02-17 15:16:04.550  INFO 15744 --- [lication.main()] s.w.s.m.m.a.RequestMappingHandlerMapping : Mapped "{[/sessionOperations/],methods=[PUT],params=[],headers=[],consumes=[],produces=[],custom=[]}" onto public void com.apiDemo.controller.BanksSessionController.update(int,java.lang.String,java.lang.String,javax.servlet.http.HttpSession)
2020-02-17 15:16:04.551  INFO 15744 --- [lication.main()] s.w.s.m.m.a.RequestMappingHandlerMapping : Mapped "{[/sessionOperations/],methods=[DELETE],params=[],headers=[],consumes=[],produces=[],custom=[]}" onto public void com.apiDemo.controller.BanksSessionController.delete(int,javax.servlet.http.HttpSession)
2020-02-17 15:16:04.552  INFO 15744 --- [lication.main()] s.w.s.m.m.a.RequestMappingHandlerMapping : Mapped "{[/sessionOperations/],methods=[POST],params=[],headers=[],consumes=[],produces=[],custom=[]}" onto public void com.apiDemo.controller.BanksSessionController.create(java.lang.String,java.lang.String,javax.servlet.http.HttpSession)
2020-02-17 15:16:04.557  INFO 15744 --- [lication.main()] s.w.s.m.m.a.RequestMappingHandlerMapping : Mapped "{[/error],methods=[],params=[],headers=[],consumes=[],produces=[text/html],custom=[]}" onto public org.springframework.web.servlet.ModelAndView org.springframework.boot.autoconfigure.web.BasicErrorController.errorHtml(javax.servlet.http.HttpServletRequest)
2020-02-17 15:16:04.558  INFO 15744 --- [lication.main()] s.w.s.m.m.a.RequestMappingHandlerMapping : Mapped "{[/error],methods=[],params=[],headers=[],consumes=[],produces=[],custom=[]}" onto public org.springframework.http.ResponseEntity<java.util.Map<java.lang.String, java.lang.Object>> org.springframework.boot.autoconfigure.web.BasicErrorController.error(javax.servlet.http.HttpServletRequest)
2020-02-17 15:16:04.603  INFO 15744 --- [lication.main()] o.s.w.s.handler.SimpleUrlHandlerMapping  : Mapped URL path [/**] onto handler of type [class org.springframework.web.servlet.resource.DefaultServletHttpRequestHandler]
2020-02-17 15:16:05.165  INFO 15744 --- [lication.main()] s.w.s.m.m.a.RequestMappingHandlerAdapter : Looking for @ControllerAdvice: org.springframework.boot.context.embedded.AnnotationConfigEmbeddedWebApplicationContext@70d83ee6: startup date [Mon Feb 17 15:15:54 EET 2020]; root of context hierarchy
2020-02-17 15:16:06.164  INFO 15744 --- [lication.main()] o.s.j.e.a.AnnotationMBeanExporter        : Registering beans for JMX exposure on startup
2020-02-17 15:16:06.280 ERROR 15744 --- [lication.main()] o.a.coyote.http11.Http11NioProtocol      : Failed to start end point associated with ProtocolHandler ["http-nio-8080"]

java.net.BindException: Address already in use
	at sun.nio.ch.Net.bind0(Native Method)
	at sun.nio.ch.Net.bind(Net.java:433)
	at sun.nio.ch.Net.bind(Net.java:425)
	at sun.nio.ch.ServerSocketChannelImpl.bind(ServerSocketChannelImpl.java:220)
	at sun.nio.ch.ServerSocketAdaptor.bind(ServerSocketAdaptor.java:85)
	at org.apache.tomcat.util.net.NioEndpoint.bind(NioEndpoint.java:338)
	at org.apache.tomcat.util.net.AbstractEndpoint.start(AbstractEndpoint.java:760)
	at org.apache.coyote.AbstractProtocol.start(AbstractProtocol.java:472)
	at org.apache.catalina.connector.Connector.startInternal(Connector.java:986)
	at org.apache.catalina.util.LifecycleBase.start(LifecycleBase.java:150)
	at org.apache.catalina.core.StandardService.addConnector(StandardService.java:237)
	at org.springframework.boot.context.embedded.tomcat.TomcatEmbeddedServletContainer.addPreviouslyRemovedConnectors(TomcatEmbeddedServletContainer.java:186)
	at org.springframework.boot.context.embedded.tomcat.TomcatEmbeddedServletContainer.start(TomcatEmbeddedServletContainer.java:149)
	at org.springframework.boot.context.embedded.EmbeddedWebApplicationContext.startEmbeddedServletContainer(EmbeddedWebApplicationContext.java:288)
	at org.springframework.boot.context.embedded.EmbeddedWebApplicationContext.finishRefresh(EmbeddedWebApplicationContext.java:141)
	at org.springframework.context.support.AbstractApplicationContext.refresh(AbstractApplicationContext.java:483)
	at org.springframework.boot.context.embedded.EmbeddedWebApplicationContext.refresh(EmbeddedWebApplicationContext.java:118)
	at org.springframework.boot.SpringApplication.refresh(SpringApplication.java:686)
	at org.springframework.boot.SpringApplication.run(SpringApplication.java:320)
	at org.springframework.boot.SpringApplication.run(SpringApplication.java:957)
	at org.springframework.boot.SpringApplication.run(SpringApplication.java:946)
	at com.webDemo.WebApplication.main(WebApplication.java:23)
	at sun.reflect.NativeMethodAccessorImpl.invoke0(Native Method)
	at sun.reflect.NativeMethodAccessorImpl.invoke(NativeMethodAccessorImpl.java:62)
	at sun.reflect.DelegatingMethodAccessorImpl.invoke(DelegatingMethodAccessorImpl.java:43)
	at java.lang.reflect.Method.invoke(Method.java:498)
	at org.springframework.boot.maven.RunMojo$LaunchRunner.run(RunMojo.java:418)
	at java.lang.Thread.run(Thread.java:748)

2020-02-17 15:16:06.284 ERROR 15744 --- [lication.main()] o.apache.catalina.core.StandardService   : Failed to start connector [Connector[HTTP/1.1-8080]]

org.apache.catalina.LifecycleException: Failed to start component [Connector[HTTP/1.1-8080]]
	at org.apache.catalina.util.LifecycleBase.start(LifecycleBase.java:154)
	at org.apache.catalina.core.StandardService.addConnector(StandardService.java:237)
	at org.springframework.boot.context.embedded.tomcat.TomcatEmbeddedServletContainer.addPreviouslyRemovedConnectors(TomcatEmbeddedServletContainer.java:186)
	at org.springframework.boot.context.embedded.tomcat.TomcatEmbeddedServletContainer.start(TomcatEmbeddedServletContainer.java:149)
	at org.springframework.boot.context.embedded.EmbeddedWebApplicationContext.startEmbeddedServletContainer(EmbeddedWebApplicationContext.java:288)
	at org.springframework.boot.context.embedded.EmbeddedWebApplicationContext.finishRefresh(EmbeddedWebApplicationContext.java:141)
	at org.springframework.context.support.AbstractApplicationContext.refresh(AbstractApplicationContext.java:483)
	at org.springframework.boot.context.embedded.EmbeddedWebApplicationContext.refresh(EmbeddedWebApplicationContext.java:118)
	at org.springframework.boot.SpringApplication.refresh(SpringApplication.java:686)
	at org.springframework.boot.SpringApplication.run(SpringApplication.java:320)
	at org.springframework.boot.SpringApplication.run(SpringApplication.java:957)
	at org.springframework.boot.SpringApplication.run(SpringApplication.java:946)
	at com.webDemo.WebApplication.main(WebApplication.java:23)
	at sun.reflect.NativeMethodAccessorImpl.invoke0(Native Method)
	at sun.reflect.NativeMethodAccessorImpl.invoke(NativeMethodAccessorImpl.java:62)
	at sun.reflect.DelegatingMethodAccessorImpl.invoke(DelegatingMethodAccessorImpl.java:43)
	at java.lang.reflect.Method.invoke(Method.java:498)
	at org.springframework.boot.maven.RunMojo$LaunchRunner.run(RunMojo.java:418)
	at java.lang.Thread.run(Thread.java:748)
Caused by: org.apache.catalina.LifecycleException: service.getName(): "Tomcat";  Protocol handler start failed
	at org.apache.catalina.connector.Connector.startInternal(Connector.java:993)
	at org.apache.catalina.util.LifecycleBase.start(LifecycleBase.java:150)
	... 18 common frames omitted
Caused by: java.net.BindException: Address already in use
	at sun.nio.ch.Net.bind0(Native Method)
	at sun.nio.ch.Net.bind(Net.java:433)
	at sun.nio.ch.Net.bind(Net.java:425)
	at sun.nio.ch.ServerSocketChannelImpl.bind(ServerSocketChannelImpl.java:220)
	at sun.nio.ch.ServerSocketAdaptor.bind(ServerSocketAdaptor.java:85)
	at org.apache.tomcat.util.net.NioEndpoint.bind(NioEndpoint.java:338)
	at org.apache.tomcat.util.net.AbstractEndpoint.start(AbstractEndpoint.java:760)
	at org.apache.coyote.AbstractProtocol.start(AbstractProtocol.java:472)
	at org.apache.catalina.connector.Connector.startInternal(Connector.java:986)
	... 19 common frames omitted

2020-02-17 15:16:06.321  INFO 15744 --- [lication.main()] o.apache.catalina.core.StandardService   : Stopping service Tomcat
2020-02-17 15:16:06.342  INFO 15744 --- [lication.main()] .b.l.ClasspathLoggingApplicationListener : Application failed to start with classpath: [file:/home/user/Desktop/TemaDevOps/web/src/main/resources/, file:/home/user/Desktop/TemaDevOps/web/src/main/resources/, file:/home/user/Desktop/TemaDevOps/web/target/classes/, file:/home/user/.m2/repository/org/aspectj/aspectjweaver/1.8.5/aspectjweaver-1.8.5.jar, file:/home/user/.m2/repository/org/apache/tomcat/tomcat-el-api/8.0.1/tomcat-el-api-8.0.1.jar, file:/home/user/.m2/repository/org/springframework/spring-core/4.1.6.RELEASE/spring-core-4.1.6.RELEASE.jar, file:/home/user/.m2/repository/org/springframework/spring-context/4.1.6.RELEASE/spring-context-4.1.6.RELEASE.jar, file:/home/user/.m2/repository/org/yaml/snakeyaml/1.14/snakeyaml-1.14.jar, file:/home/user/.m2/repository/aopalliance/aopalliance/1.0/aopalliance-1.0.jar, file:/home/user/.m2/repository/org/springframework/spring-orm/4.1.6.RELEASE/spring-orm-4.1.6.RELEASE.jar, file:/home/user/.m2/repository/org/springframework/boot/spring-boot/1.2.4.RELEASE/spring-boot-1.2.4.RELEASE.jar, file:/home/user/.m2/repository/org/springframework/spring-webmvc/4.1.6.RELEASE/spring-webmvc-4.1.6.RELEASE.jar, file:/home/user/.m2/repository/org/slf4j/slf4j-api/1.7.12/slf4j-api-1.7.12.jar, file:/home/user/.m2/repository/org/springframework/spring-aspects/4.1.6.RELEASE/spring-aspects-4.1.6.RELEASE.jar, file:/home/user/.m2/repository/org/springframework/spring-web/4.1.6.RELEASE/spring-web-4.1.6.RELEASE.jar, file:/home/user/.m2/repository/xml-apis/xml-apis/1.0.b2/xml-apis-1.0.b2.jar, file:/home/user/.m2/repository/org/eclipse/jdt/core/compiler/ecj/4.4.2/ecj-4.4.2.jar, file:/home/user/.m2/repository/org/slf4j/jcl-over-slf4j/1.7.12/jcl-over-slf4j-1.7.12.jar, file:/home/user/.m2/repository/antlr/antlr/2.7.7/antlr-2.7.7.jar, file:/home/user/.m2/repository/javax/servlet/jstl/1.2/jstl-1.2.jar, file:/home/user/.m2/repository/com/sun/mail/javax.mail/1.5.3/javax.mail-1.5.3.jar, file:/home/user/.m2/repository/org/springframework/boot/spring-boot-autoconfigure/1.2.4.RELEASE/spring-boot-autoconfigure-1.2.4.RELEASE.jar, file:/home/user/.m2/repository/ch/qos/logback/logback-classic/1.1.3/logback-classic-1.1.3.jar, file:/home/user/.m2/repository/org/aspectj/aspectjrt/1.8.5/aspectjrt-1.8.5.jar, file:/home/user/.m2/repository/org/hibernate/hibernate-entitymanager/4.3.10.Final/hibernate-entitymanager-4.3.10.Final.jar, file:/home/user/.m2/repository/org/apache/tomcat/embed/tomcat-embed-websocket/8.0.23/tomcat-embed-websocket-8.0.23.jar, file:/home/user/.m2/repository/org/apache/tomcat/embed/tomcat-embed-el/8.0.23/tomcat-embed-el-8.0.23.jar, file:/home/user/.m2/repository/org/springframework/spring-expression/4.1.6.RELEASE/spring-expression-4.1.6.RELEASE.jar, file:/home/user/.m2/repository/org/apache/tomcat/embed/tomcat-embed-logging-juli/8.0.23/tomcat-embed-logging-juli-8.0.23.jar, file:/home/user/.m2/repository/org/apache/tomcat/embed/tomcat-embed-jasper/8.0.23/tomcat-embed-jasper-8.0.23.jar, file:/home/user/.m2/repository/com/fasterxml/jackson/core/jackson-annotations/2.4.6/jackson-annotations-2.4.6.jar, file:/home/user/.m2/repository/javax/validation/validation-api/1.1.0.Final/validation-api-1.1.0.Final.jar, file:/home/user/.m2/repository/dom4j/dom4j/1.6.1/dom4j-1.6.1.jar, file:/home/user/.m2/repository/org/springframework/boot/spring-boot-starter-data-jpa/1.2.4.RELEASE/spring-boot-starter-data-jpa-1.2.4.RELEASE.jar, file:/home/user/.m2/repository/org/hibernate/hibernate-core/4.3.10.Final/hibernate-core-4.3.10.Final.jar, file:/home/user/.m2/repository/org/apache/tomcat/embed/tomcat-embed-core/8.0.23/tomcat-embed-core-8.0.23.jar, file:/home/user/.m2/repository/org/springframework/spring-aop/4.1.6.RELEASE/spring-aop-4.1.6.RELEASE.jar, file:/home/user/.m2/repository/com/fasterxml/classmate/1.0.0/classmate-1.0.0.jar, file:/home/user/.m2/repository/org/springframework/boot/spring-boot-starter-aop/1.2.4.RELEASE/spring-boot-starter-aop-1.2.4.RELEASE.jar, file:/home/user/.m2/repository/org/springframework/boot/spring-boot-starter-jdbc/1.2.4.RELEASE/spring-boot-starter-jdbc-1.2.4.RELEASE.jar, file:/home/user/.m2/repository/org/springframework/spring-jdbc/4.1.6.RELEASE/spring-jdbc-4.1.6.RELEASE.jar, file:/home/user/.m2/repository/org/springframework/boot/spring-boot-starter/1.2.4.RELEASE/spring-boot-starter-1.2.4.RELEASE.jar, file:/home/user/.m2/repository/ch/qos/logback/logback-core/1.1.3/logback-core-1.1.3.jar, file:/home/user/.m2/repository/org/springframework/data/spring-data-jpa/1.7.2.RELEASE/spring-data-jpa-1.7.2.RELEASE.jar, file:/home/user/.m2/repository/org/springframework/boot/spring-boot-starter-logging/1.2.4.RELEASE/spring-boot-starter-logging-1.2.4.RELEASE.jar, file:/home/user/.m2/repository/javax/javaee-api/7.0/javaee-api-7.0.jar, file:/home/user/.m2/repository/org/jboss/jandex/1.1.0.Final/jandex-1.1.0.Final.jar, file:/home/user/.m2/repository/org/hibernate/javax/persistence/hibernate-jpa-2.1-api/1.0.0.Final/hibernate-jpa-2.1-api-1.0.0.Final.jar, file:/home/user/.m2/repository/org/slf4j/jul-to-slf4j/1.7.12/jul-to-slf4j-1.7.12.jar, file:/home/user/.m2/repository/javax/activation/activation/1.1/activation-1.1.jar, file:/home/user/.m2/repository/org/apache/tomcat/tomcat-jasper-el/8.0.1/tomcat-jasper-el-8.0.1.jar, file:/home/user/.m2/repository/org/apache/tomcat/tomcat-juli/8.0.23/tomcat-juli-8.0.23.jar, file:/home/user/.m2/repository/org/springframework/data/spring-data-commons/1.9.2.RELEASE/spring-data-commons-1.9.2.RELEASE.jar, file:/home/user/.m2/repository/org/springframework/spring-beans/4.1.6.RELEASE/spring-beans-4.1.6.RELEASE.jar, file:/home/user/.m2/repository/com/fasterxml/jackson/core/jackson-databind/2.4.6/jackson-databind-2.4.6.jar, file:/home/user/.m2/repository/org/jboss/logging/jboss-logging/3.1.3.GA/jboss-logging-3.1.3.GA.jar, file:/home/user/.m2/repository/org/apache/tomcat/tomcat-jdbc/8.0.23/tomcat-jdbc-8.0.23.jar, file:/home/user/.m2/repository/org/springframework/boot/spring-boot-starter-tomcat/1.2.4.RELEASE/spring-boot-starter-tomcat-1.2.4.RELEASE.jar, file:/home/user/.m2/repository/org/springframework/boot/spring-boot-starter-web/1.2.4.RELEASE/spring-boot-starter-web-1.2.4.RELEASE.jar, file:/home/user/.m2/repository/org/javassist/javassist/3.18.1-GA/javassist-3.18.1-GA.jar, file:/home/user/.m2/repository/org/hibernate/hibernate-validator/5.1.3.Final/hibernate-validator-5.1.3.Final.jar, file:/home/user/.m2/repository/org/hibernate/common/hibernate-commons-annotations/4.0.5.Final/hibernate-commons-annotations-4.0.5.Final.jar, file:/home/user/.m2/repository/org/slf4j/log4j-over-slf4j/1.7.12/log4j-over-slf4j-1.7.12.jar, file:/home/user/.m2/repository/org/jboss/logging/jboss-logging-annotations/1.2.0.Beta1/jboss-logging-annotations-1.2.0.Beta1.jar, file:/home/user/.m2/repository/org/springframework/spring-tx/4.1.6.RELEASE/spring-tx-4.1.6.RELEASE.jar, file:/home/user/.m2/repository/org/hsqldb/hsqldb/2.3.2/hsqldb-2.3.2.jar, file:/home/user/.m2/repository/javax/transaction/javax.transaction-api/1.2/javax.transaction-api-1.2.jar, file:/home/user/.m2/repository/com/fasterxml/jackson/core/jackson-core/2.4.6/jackson-core-2.4.6.jar, file:/home/user/.m2/repository/api/api/1.0-SNAPSHOT/api-1.0-SNAPSHOT.jar]
2020-02-17 15:16:06.346  INFO 15744 --- [lication.main()] utoConfigurationReportLoggingInitializer : 

Error starting ApplicationContext. To display the auto-configuration report enable debug logging (start with --debug)


2020-02-17 15:16:06.347 ERROR 15744 --- [lication.main()] o.s.boot.SpringApplication               : Application startup failed

java.lang.IllegalStateException: Tomcat connector in failed state
	at org.springframework.boot.context.embedded.tomcat.TomcatEmbeddedServletContainer.start(TomcatEmbeddedServletContainer.java:157)
	at org.springframework.boot.context.embedded.EmbeddedWebApplicationContext.startEmbeddedServletContainer(EmbeddedWebApplicationContext.java:288)
	at org.springframework.boot.context.embedded.EmbeddedWebApplicationContext.finishRefresh(EmbeddedWebApplicationContext.java:141)
	at org.springframework.context.support.AbstractApplicationContext.refresh(AbstractApplicationContext.java:483)
	at org.springframework.boot.context.embedded.EmbeddedWebApplicationContext.refresh(EmbeddedWebApplicationContext.java:118)
	at org.springframework.boot.SpringApplication.refresh(SpringApplication.java:686)
	at org.springframework.boot.SpringApplication.run(SpringApplication.java:320)
	at org.springframework.boot.SpringApplication.run(SpringApplication.java:957)
	at org.springframework.boot.SpringApplication.run(SpringApplication.java:946)
	at com.webDemo.WebApplication.main(WebApplication.java:23)
	at sun.reflect.NativeMethodAccessorImpl.invoke0(Native Method)
	at sun.reflect.NativeMethodAccessorImpl.invoke(NativeMethodAccessorImpl.java:62)
	at sun.reflect.DelegatingMethodAccessorImpl.invoke(DelegatingMethodAccessorImpl.java:43)
	at java.lang.reflect.Method.invoke(Method.java:498)
	at org.springframework.boot.maven.RunMojo$LaunchRunner.run(RunMojo.java:418)
	at java.lang.Thread.run(Thread.java:748)

2020-02-17 15:16:06.349  INFO 15744 --- [lication.main()] ationConfigEmbeddedWebApplicationContext : Closing org.springframework.boot.context.embedded.AnnotationConfigEmbeddedWebApplicationContext@70d83ee6: startup date [Mon Feb 17 15:15:54 EET 2020]; root of context hierarchy
2020-02-17 15:16:06.351  INFO 15744 --- [lication.main()] o.s.j.e.a.AnnotationMBeanExporter        : Unregistering JMX-exposed beans on shutdown
2020-02-17 15:16:06.355  INFO 15744 --- [lication.main()] j.LocalContainerEntityManagerFactoryBean : Closing JPA EntityManagerFactory for persistence unit 'default'
2020-02-17 15:16:06.355  INFO 15744 --- [lication.main()] org.hibernate.tool.hbm2ddl.SchemaExport  : HHH000227: Running hbm2ddl schema export
2020-02-17 15:16:06.357  INFO 15744 --- [lication.main()] org.hibernate.tool.hbm2ddl.SchemaExport  : HHH000230: Schema export complete
[[1;33mWARNING[m] 
[1;31mjava.lang.reflect.InvocationTargetException[m
    [1mat[m sun.reflect.NativeMethodAccessorImpl.invoke0 ([1mNative Method[m)
    [1mat[m sun.reflect.NativeMethodAccessorImpl.invoke ([1mNativeMethodAccessorImpl.java:62[m)
    [1mat[m sun.reflect.DelegatingMethodAccessorImpl.invoke ([1mDelegatingMethodAccessorImpl.java:43[m)
    [1mat[m java.lang.reflect.Method.invoke ([1mMethod.java:498[m)
    [1mat[m org.springframework.boot.maven.RunMojo$LaunchRunner.run ([1mRunMojo.java:418[m)
    [1mat[m java.lang.Thread.run ([1mThread.java:748[m)
[1mCaused by[m: java.lang.IllegalStateException: [1;31mTomcat connector in failed state[m
    [1mat[m org.springframework.boot.context.embedded.tomcat.TomcatEmbeddedServletContainer.start ([1mTomcatEmbeddedServletContainer.java:157[m)
    [1mat[m org.springframework.boot.context.embedded.EmbeddedWebApplicationContext.startEmbeddedServletContainer ([1mEmbeddedWebApplicationContext.java:288[m)
    [1mat[m org.springframework.boot.context.embedded.EmbeddedWebApplicationContext.finishRefresh ([1mEmbeddedWebApplicationContext.java:141[m)
    [1mat[m org.springframework.context.support.AbstractApplicationContext.refresh ([1mAbstractApplicationContext.java:483[m)
    [1mat[m org.springframework.boot.context.embedded.EmbeddedWebApplicationContext.refresh ([1mEmbeddedWebApplicationContext.java:118[m)
    [1mat[m org.springframework.boot.SpringApplication.refresh ([1mSpringApplication.java:686[m)
    [1mat[m org.springframework.boot.SpringApplication.run ([1mSpringApplication.java:320[m)
    [1mat[m org.springframework.boot.SpringApplication.run ([1mSpringApplication.java:957[m)
    [1mat[m org.springframework.boot.SpringApplication.run ([1mSpringApplication.java:946[m)
    [1mat[m com.webDemo.WebApplication.main ([1mWebApplication.java:23[m)
    [1mat[m sun.reflect.NativeMethodAccessorImpl.invoke0 ([1mNative Method[m)
    [1mat[m sun.reflect.NativeMethodAccessorImpl.invoke ([1mNativeMethodAccessorImpl.java:62[m)
    [1mat[m sun.reflect.DelegatingMethodAccessorImpl.invoke ([1mDelegatingMethodAccessorImpl.java:43[m)
    [1mat[m java.lang.reflect.Method.invoke ([1mMethod.java:498[m)
    [1mat[m org.springframework.boot.maven.RunMojo$LaunchRunner.run ([1mRunMojo.java:418[m)
    [1mat[m java.lang.Thread.run ([1mThread.java:748[m)
[[1;34mINFO[m] [1m------------------------------------------------------------------------[m
[[1;34mINFO[m] [1;31mBUILD FAILURE[m
[[1;34mINFO[m] [1m------------------------------------------------------------------------[m
[[1;34mINFO[m] Total time:  15.353 s
[[1;34mINFO[m] Finished at: 2020-02-17T15:16:06+02:00
[[1;34mINFO[m] [1m------------------------------------------------------------------------[m
[[1;31mERROR[m] Failed to execute goal [32morg.springframework.boot:spring-boot-maven-plugin:1.2.4.RELEASE:run[m [1m(default-cli)[m on project [36mweb[m: [1;31mAn exception occured while running. null[m: InvocationTargetException: Tomcat connector in failed state -> [1m[Help 1][m
[[1;31mERROR[m] 
[[1;31mERROR[m] To see the full stack trace of the errors, re-run Maven with the [1m-e[m switch.
[[1;31mERROR[m] Re-run Maven using the [1m-X[m switch to enable full debug logging.
[[1;31mERROR[m] 
[[1;31mERROR[m] For more information about the errors and possible solutions, please read the following articles:
[[1;31mERROR[m] [1m[Help 1][m http://cwiki.apache.org/confluence/display/MAVEN/MojoExecutionException
